<?xml version="1.0" encoding="UTF-8"?>
<!-- Generated by org.testng.reporters.JUnitReportReporter -->
<testsuite hostname="DESKTOP-2EKP6R8" name="CucumberTests" tests="2" failures="0" timestamp="22 Mar 2020 20:44:09 GMT" time="16.171" errors="0">
  <testcase name="runScenario" time="7.903" classname="CucumberTests"/>
  <testcase name="runScenario" time="8.268" classname="CucumberTests"/>
</testsuite> <!-- CucumberTests -->
