<?xml version="1.0" encoding="UTF-8"?>
<!-- Generated by org.testng.reporters.JUnitReportReporter -->
<testsuite hostname="DESKTOP-2EKP6R8" name="Pet.BDDSmokeTests.AppTest" tests="1" failures="0" timestamp="22 Mar 2020 20:44:09 GMT" time="0.002" errors="0">
  <testcase name="testApp" time="0.002" classname="Pet.BDDSmokeTests.AppTest"/>
</testsuite> <!-- Pet.BDDSmokeTests.AppTest -->
