<?xml version="1.0" encoding="UTF-8"?>
<!-- Generated by org.testng.reporters.JUnitReportReporter -->
<testsuite hostname="DESKTOP-2EKP6R8" name="CucumberTests" tests="3" failures="0" timestamp="22 Mar 2020 20:58:18 GMT" time="22.073" errors="0">
  <testcase name="runScenario" time="5.822" classname="CucumberTests"/>
  <testcase name="runScenario" time="8.279" classname="CucumberTests"/>
  <testcase name="runScenario" time="7.972" classname="CucumberTests"/>
</testsuite> <!-- CucumberTests -->
